<<<<<<< HEAD
﻿Build started 4/19/2015 7:46:15 PM.
     1>Project "D:\Users\Eric\OneDrive\School\2015\Spring\Parallel Processing\GroupProject2\GroupProject2\GroupProject2.vcxproj" on node 2 (Build target(s)).
=======
﻿Build started 4/15/2015 11:14:42 AM.
     1>Project "C:\Users\Eric\OneDrive\School\2015\Spring\Parallel Processing\GroupProject2\GroupProject2\GroupProject2.vcxproj" on node 2 (Build target(s)).
>>>>>>> parent of 27decdf... a
     1>ClCompile:
         D:\Program Files (x86)\Microsoft Visual Studio 12.0\VC\bin\CL.exe /c /ZI /nologo /W3 /WX- /Od /Oy- /D WIN32 /D _DEBUG /D _CONSOLE /D _LIB /D _UNICODE /D UNICODE /Gm /EHsc /RTC1 /MDd /GS /fp:precise /Zc:wchar_t /Zc:forScope /Fo"Debug\\" /Fd"Debug\vc120.pdb" /Gd /TP /analyze- /errorReport:prompt Project.cpp
         Project.cpp
<<<<<<< HEAD
     1>d:\users\eric\onedrive\school\2015\spring\parallel processing\groupproject2\groupproject2\lockfreequeue.h(80): warning C4390: ';' : empty controlled statement found; is this the intent?
     1>d:\users\eric\onedrive\school\2015\spring\parallel processing\groupproject2\groupproject2\project.cpp(77): warning C4244: 'argument' : conversion from '__int64' to 'const int', possible loss of data
     1>d:\users\eric\onedrive\school\2015\spring\parallel processing\groupproject2\groupproject2\project.cpp(133): warning C4018: '<' : signed/unsigned mismatch
=======
     1>c:\users\eric\onedrive\school\2015\spring\parallel processing\groupproject2\groupproject2\lockfreequeue.h(66): warning C4390: ';' : empty controlled statement found; is this the intent?
     1>c:\users\eric\onedrive\school\2015\spring\parallel processing\groupproject2\groupproject2\lockfreequeue.h(90): warning C4244: 'return' : conversion from '__int64' to 'int', possible loss of data
>>>>>>> parent of 27decdf... a
       Link:
         D:\Program Files (x86)\Microsoft Visual Studio 12.0\VC\bin\link.exe /ERRORREPORT:PROMPT /OUT:"D:\Users\Eric\OneDrive\School\2015\Spring\Parallel Processing\GroupProject2\Debug\GroupProject2.exe" /INCREMENTAL /NOLOGO kernel32.lib user32.lib gdi32.lib winspool.lib comdlg32.lib advapi32.lib shell32.lib ole32.lib oleaut32.lib uuid.lib odbc32.lib odbccp32.lib /MANIFEST /MANIFESTUAC:"level='asInvoker' uiAccess='false'" /manifest:embed /DEBUG /PDB:"D:\Users\Eric\OneDrive\School\2015\Spring\Parallel Processing\GroupProject2\Debug\GroupProject2.pdb" /SUBSYSTEM:CONSOLE /TLBID:1 /DYNAMICBASE /NXCOMPAT /IMPLIB:"D:\Users\Eric\OneDrive\School\2015\Spring\Parallel Processing\GroupProject2\Debug\GroupProject2.lib" /MACHINE:X86 Debug\Project.obj
         GroupProject2.vcxproj -> D:\Users\Eric\OneDrive\School\2015\Spring\Parallel Processing\GroupProject2\Debug\GroupProject2.exe
     1>Done Building Project "D:\Users\Eric\OneDrive\School\2015\Spring\Parallel Processing\GroupProject2\GroupProject2\GroupProject2.vcxproj" (Build target(s)).

Build succeeded.

<<<<<<< HEAD
Time Elapsed 00:00:01.32
=======
Time Elapsed 00:00:01.39
>>>>>>> parent of 27decdf... a
