d:\users\eric\onedrive\school\2015\spring\parallel processing\groupproject2\groupproject2\debug\vc120.pdb
d:\users\eric\onedrive\school\2015\spring\parallel processing\groupproject2\groupproject2\debug\vc120.idb
d:\users\eric\onedrive\school\2015\spring\parallel processing\groupproject2\groupproject2\debug\project.obj
d:\users\eric\onedrive\school\2015\spring\parallel processing\groupproject2\debug\groupproject2.pdb
d:\users\eric\onedrive\school\2015\spring\parallel processing\groupproject2\groupproject2\debug\groupproject2.tlog\cl.command.1.tlog
d:\users\eric\onedrive\school\2015\spring\parallel processing\groupproject2\groupproject2\debug\groupproject2.tlog\cl.read.1.tlog
d:\users\eric\onedrive\school\2015\spring\parallel processing\groupproject2\groupproject2\debug\groupproject2.tlog\cl.write.1.tlog
d:\users\eric\onedrive\school\2015\spring\parallel processing\groupproject2\groupproject2\debug\groupproject2.tlog\link-cvtres.read.1.tlog
d:\users\eric\onedrive\school\2015\spring\parallel processing\groupproject2\groupproject2\debug\groupproject2.tlog\link-cvtres.write.1.tlog
d:\users\eric\onedrive\school\2015\spring\parallel processing\groupproject2\groupproject2\debug\groupproject2.tlog\link-rc.read.1.tlog
d:\users\eric\onedrive\school\2015\spring\parallel processing\groupproject2\groupproject2\debug\groupproject2.tlog\link-rc.write.1.tlog
d:\users\eric\onedrive\school\2015\spring\parallel processing\groupproject2\groupproject2\debug\groupproject2.tlog\link.7208-cvtres.read.1.tlog
d:\users\eric\onedrive\school\2015\spring\parallel processing\groupproject2\groupproject2\debug\groupproject2.tlog\link.7208-cvtres.write.1.tlog
d:\users\eric\onedrive\school\2015\spring\parallel processing\groupproject2\groupproject2\debug\groupproject2.tlog\link.7208-rc.read.1.tlog
d:\users\eric\onedrive\school\2015\spring\parallel processing\groupproject2\groupproject2\debug\groupproject2.tlog\link.7208-rc.write.1.tlog
d:\users\eric\onedrive\school\2015\spring\parallel processing\groupproject2\groupproject2\debug\groupproject2.tlog\link.7208.read.1.tlog
d:\users\eric\onedrive\school\2015\spring\parallel processing\groupproject2\groupproject2\debug\groupproject2.tlog\link.7208.write.1.tlog
d:\users\eric\onedrive\school\2015\spring\parallel processing\groupproject2\groupproject2\debug\groupproject2.tlog\link.command.1.tlog
d:\users\eric\onedrive\school\2015\spring\parallel processing\groupproject2\groupproject2\debug\groupproject2.tlog\link.read.1.tlog
d:\users\eric\onedrive\school\2015\spring\parallel processing\groupproject2\groupproject2\debug\groupproject2.tlog\link.write.1.tlog
